<?xml version="1.0" encoding="UTF-8"?>
<!-- Generated by org.testng.reporters.JUnitReportReporter -->
<testsuite hostname="DESKTOP-NBPVL8F" failures="0" tests="3" name="parameter.para" time="92.203" errors="0" timestamp="2022-09-02T11:19:36 IST" skipped="0">
  <testcase classname="parameter.para" name="all" time="44.649"/>
  <system-out/>
  <testcase classname="parameter.para" name="all" time="30.362"/>
  <system-out/>
  <testcase classname="parameter.para" name="all" time="17.192"/>
  <system-out/>
</testsuite> <!-- parameter.para -->
