<?xml version="1.0" encoding="UTF-8"?>
<!-- Generated by org.testng.reporters.JUnitReportReporter -->
<testsuite hostname="DESKTOP-NBPVL8F" failures="0" tests="2" name="test_ng_demo.seq_test_ng" time="0.024" errors="0" timestamp="2022-08-29T14:28:39 IST" skipped="0">
  <testcase classname="test_ng_demo.seq_test_ng" name="test1" time="0.021"/>
  <system-out/>
  <testcase classname="test_ng_demo.seq_test_ng" name="test2" time="0.003"/>
  <system-out/>
</testsuite> <!-- test_ng_demo.seq_test_ng -->
