<?xml version="1.0" encoding="UTF-8"?>
<!-- Generated by org.testng.reporters.JUnitReportReporter -->
<testsuite hostname="DESKTOP-NBPVL8F" failures="0" tests="4" name="test_ng_demo.test_case" time="0.032" errors="0" timestamp="2022-08-29T14:28:39 IST" skipped="0">
  <testcase classname="test_ng_demo.test_case" name="test2" time="0.006"/>
  <system-out/>
  <testcase classname="test_ng_demo.test_case" name="test1" time="0.003"/>
  <system-out/>
  <testcase classname="test_ng_demo.test_case" name="demo1" time="0.009"/>
  <system-out/>
  <testcase classname="test_ng_demo.test_case" name="demo2" time="0.014"/>
  <system-out/>
</testsuite> <!-- test_ng_demo.test_case -->
