<?xml version="1.0" encoding="UTF-8"?>
<!-- Generated by org.testng.reporters.JUnitReportReporter -->
<testsuite hostname="DESKTOP-NBPVL8F" failures="0" tests="1" name="practice.all_para_list_asse" time="12.007" errors="0" timestamp="2022-09-04T17:50:07 IST" skipped="0">
  <testcase classname="practice.all_para_list_asse" name="open_browser" time="12.007"/>
  <system-out/>
</testsuite> <!-- practice.all_para_list_asse -->
