<?xml version="1.0" encoding="UTF-8"?>
<!-- Generated by org.testng.reporters.JUnitReportReporter -->
<testsuite hostname="DESKTOP-NBPVL8F" failures="0" tests="4" name="test_ng_demo.keywords_1" time="36.321" errors="0" timestamp="2022-09-01T14:28:20 IST" skipped="0">
  <testcase classname="test_ng_demo.keywords_1" name="browser_open" time="27.792"/>
  <system-out/>
  <testcase classname="test_ng_demo.keywords_1" name="useID" time="3.451"/>
  <system-out/>
  <testcase classname="test_ng_demo.keywords_1" name="pass" time="2.117"/>
  <system-out/>
  <testcase classname="test_ng_demo.keywords_1" name="login" time="2.961"/>
  <system-out/>
</testsuite> <!-- test_ng_demo.keywords_1 -->
