<?xml version="1.0" encoding="UTF-8"?>
<!-- Generated by org.testng.reporters.JUnitReportReporter -->
<testsuite hostname="DESKTOP-NBPVL8F" failures="0" tests="2" name="test_ng_demo.Paramterization" time="44.309" errors="0" timestamp="2022-09-01T15:52:08 IST" skipped="0">
  <testcase classname="test_ng_demo.Paramterization" name="BrowserOpen" time="21.221"/>
  <system-out/>
  <testcase classname="test_ng_demo.Paramterization" name="BrowserOpen" time="23.088"/>
  <system-out/>
</testsuite> <!-- test_ng_demo.Paramterization -->
